\BOOKMARK [0][-]{chapter.1}{Introduction}{}% 1
\BOOKMARK [1][-]{section.1.1}{Ausgangslage}{chapter.1}% 2
\BOOKMARK [1][-]{section.1.2}{Ziel der Arbeit}{chapter.1}% 3
\BOOKMARK [1][-]{section.1.3}{Aufgabenstellung}{chapter.1}% 4
\BOOKMARK [1][-]{section.1.4}{Resultate}{chapter.1}% 5
\BOOKMARK [1][-]{section.1.5}{Glossary of Terms}{chapter.1}% 6
\BOOKMARK [0][-]{chapter.2}{Einführung ins Thema}{}% 7
\BOOKMARK [1][-]{section.2.1}{Section Title}{chapter.2}% 8
\BOOKMARK [0][-]{chapter.3}{Anforderungsanalyse}{}% 9
\BOOKMARK [1][-]{section.3.1}{General Application Requirements}{chapter.3}% 10
\BOOKMARK [2][-]{subsection.3.1.1}{Audio Plugin}{section.3.1}% 11
\BOOKMARK [2][-]{subsection.3.1.2}{Processing Node}{section.3.1}% 12
\BOOKMARK [0][-]{chapter.4}{Implementation}{}% 13
\BOOKMARK [1][-]{section.4.1}{Architektur}{chapter.4}% 14
\BOOKMARK [1][-]{section.4.2}{Developement Environment}{chapter.4}% 15
\BOOKMARK [1][-]{section.4.3}{Networking Components}{chapter.4}% 16
\BOOKMARK [2][-]{subsection.4.3.1}{Socket Monitor}{section.4.3}% 17
\BOOKMARK [2][-]{subsection.4.3.2}{ZeroConf Manager}{section.4.3}% 18
\BOOKMARK [2][-]{subsection.4.3.3}{AudioStream Manager}{section.4.3}% 19
\BOOKMARK [0][-]{chapter.5}{Conclusion}{}% 20
\BOOKMARK [0][-]{chapter.6}{Appendix A}{}% 21
\BOOKMARK [1][-]{section.6.1}{Compiling the Source Code}{chapter.6}% 22
\BOOKMARK [1][-]{section.6.2}{Bonjour}{chapter.6}% 23
